NAME                                            READY   STATUS    RESTARTS   AGE
pod/dashboard-deployment-cv-6c57768577-4hcwt    1/1     Running   0          115m
pod/dashboard-deployment-cv-6c57768577-6zk8p    1/1     Running   0          115m
pod/dashboard-deployment-cv-6c57768577-8zcnd    1/1     Running   0          115m
pod/django-pro-deployment-cv-77977d85b4-bz2dd   1/1     Running   0          115m
pod/django-pro-deployment-cv-77977d85b4-dwfh9   1/1     Running   0          115m
pod/django-pro-deployment-cv-77977d85b4-jd28b   1/1     Running   0          115m
pod/ecommerce-deployment-cv-5bff94bf5-nbzjp     1/1     Running   0          115m
pod/ecommerce-deployment-cv-5bff94bf5-trvd4     1/1     Running   0          115m
pod/ecommerce-deployment-cv-5bff94bf5-whndp     1/1     Running   0          115m

NAME                            TYPE           CLUSTER-IP       EXTERNAL-IP   PORT(S)          AGE
service/dashboard-service-cv    LoadBalancer   10.107.162.232   <pending>     5005:32005/TCP   4h50m
service/django-pro-service-cv   LoadBalancer   10.101.75.131    <pending>     5005:32657/TCP   4h50m
service/ecommerce-service-cv    LoadBalancer   10.106.251.136   <pending>     5005:31842/TCP   4h50m

NAME                                       READY   UP-TO-DATE   AVAILABLE   AGE
deployment.apps/dashboard-deployment-cv    3/3     3            3           4h35m
deployment.apps/django-pro-deployment-cv   3/3     3            3           4h35m
deployment.apps/ecommerce-deployment-cv    3/3     3            3           4h35m

NAME                                                  DESIRED   CURRENT   READY   AGE
replicaset.apps/dashboard-deployment-cv-6c57768577    3         3         3       115m
replicaset.apps/dashboard-deployment-cv-844b77d7bb    0         0         0       4h35m
replicaset.apps/django-pro-deployment-cv-77977d85b4   3         3         3       115m
replicaset.apps/django-pro-deployment-cv-dbd5bdbbf    0         0         0       4h35m
replicaset.apps/ecommerce-deployment-cv-5bff94bf5     3         3         3       115m
replicaset.apps/ecommerce-deployment-cv-6f59c847bd    0         0         0       4h35m

NAME                                                    REFERENCE                             TARGETS       MINPODS   MAXPODS   REPLICAS   AGE
horizontalpodautoscaler.autoscaling/dashboard-hpa-cv    Deployment/dashboard-deployment-cv    cpu: 2%/50%   3         10        3          4h50m
horizontalpodautoscaler.autoscaling/django-pro-hpa-cv   Deployment/django-pro-deployment-cv   cpu: 2%/50%   3         10        3          4h50m
horizontalpodautoscaler.autoscaling/ecommerce-hpa-cv    Deployment/ecommerce-deployment-cv    cpu: 2%/50%   3         10        3          4h50m
NAME                REFERENCE                             TARGETS       MINPODS   MAXPODS   REPLICAS   AGE
dashboard-hpa-cv    Deployment/dashboard-deployment-cv    cpu: 2%/50%   3         10        3          4h50m
django-pro-hpa-cv   Deployment/django-pro-deployment-cv   cpu: 2%/50%   3         10        3          4h50m
ecommerce-hpa-cv    Deployment/ecommerce-deployment-cv    cpu: 2%/50%   3         10        3          4h50m
